model                nodes    epoch    uniq_id    L1(root)      loss(tr,val)    acc(tr,val)
1aA                  64         400      87/100     2.68, 6.18    0.290, 0.100
2aA                  64         400      86/100     2.70, 6.26    0.310, 0.141
1bA                  64         400      45/100     2.96, 6.75    0.270, 0.150
2bA                  64         400      49/100     3.03, 6.90    0.280, 0.220
1aB                  64         400      91/100     2.72, 6.35    0.340, 0.200
2aB                  64         400      87/100     2.71, 6.28    0.380, 0.160
1bB                  64         400      87/100     2.78, 6.40    0.350, 0.220
2bB                  64         400      82/100     2.66, 6.12    0.400, 0.230
1aA_rand             64        1000      63/100     2.42, 5.92    0.560, 0.590 (real loss_val)
2aA_rand             64        1000      72/100     2.42, 5.88    0.560, 0.600 (real loss_val)
1bA_rand             64        1000      23/100     2.69, 6.32    0.490, 0.810 (real loss_val)
2bA_rand             64        1000      33/100     2.72, 6.67    0.490, 0.840 (real loss_val)
1aB_rand             64        1000      61/100     2.47, 6.02    0.650, 0.670 (real loss_val)
2aB_rand             64        1000      62/100     2.44, 5.89    0.650, 0.670 (real loss_val)
1bB_rand             64        1000      27/100     2.79, 6.49    0.510, 0.890 (real loss_val)
2bB_rand             64        1000      32/100     2.70, 6.35    0.520, 0.870 (real loss_val)

1aB_rand_128         64        1000      57/100     2.48, 6.03    0.520, 0.540 (real loss_val)
1aB_rand            256        1000      62/100     2.47, 6.03    0.630, 0.670 (real loss_val)

(1) pair v.s. (2) root
(a) unweighted v.s. (b) weighted
(A) sigmoid(divide12) v.s. (B) sigmoid(divide max)

GRU_pair             64         400      85/100     2.83, 5.95    0.180, 0.157    0.94, 0.65
GRU_root3            64         400      76/100     2.69, 5.72    0.110, 0.213    0.95, 0.55
GRU_root6            64         400      88/100     2.72, 5.68    0.070, 2.570    0.96, 0.59
GRU_root6H           64         400      85/100     2.80, 5.90    0,070, 2.470    0.96, 0.51
GRU_root3P3N         64         400      80/100     2.78, 5.90    0.110, 2.180    0.96, 0.60 
GRU_root1            64         400      81/100     2.90, 6.10    0.160, 1.140    0.94, 0.76 
GRU_root1_weighted   64         400      29/100     3.69, 8.03    0.150, 0.700    0.95, 0.74
GRU_root3_weighted   64         400      54/100     3.21, 6.99    0.120, 1.910    0.94, 0.51
GRU_pair_weighted    64         400      53/100     2.90, 6.49    0.160, 1.430    0.94, 0.61

